<?xml version="1.0" encoding="UTF-8"?>
<!-- Generated by org.testng.reporters.JUnitReportReporter -->
<testsuite hostname="DESKTOP-AVIS8DF" failures="0" tests="1" name="stepdefinitions.NewTest" time="31.870" errors="0" timestamp="18 Mar 2023 07:31:28 GMT" skipped="0">
  <testcase classname="stepdefinitions.NewTest" name="f" time="31.870"/>
</testsuite> <!-- stepdefinitions.NewTest -->
