<?xml version="1.0" encoding="UTF-8"?>
<!-- Generated by org.testng.reporters.JUnitReportReporter -->
<testsuite hostname="DESKTOP-AVIS8DF" failures="0" tests="1" name="maven_Int_With_Jenkins.NewTest" time="11.133" errors="0" timestamp="29 Mar 2023 12:08:18 GMT" skipped="0">
  <testcase classname="maven_Int_With_Jenkins.NewTest" name="f" time="11.133"/>
</testsuite> <!-- maven_Int_With_Jenkins.NewTest -->
